2025-08-27T05:03:35.000Z | Received | 1e-9 SOL | from FLipgewPwNeqvwPFW3CvMTLpHTvuX7BQoXC6xhrWiCR3 to B2mmvp7qGSHRESk4QD84Ay7m49BggNBz6e8TTRPjKKgk | sig=4kUqV9edRQtDrVGbzeC6ts2XfFqDipvydDVPrsufgNPD1Hh84vLEiCyw6rrcXD2gHJDLgSUR71VFeUkwHN4jaekt
2025-08-27T05:03:35.000Z | Received | 1e-9 SOL | from FLipG5QHjZe1H12f6rr5LCnrmqjhwuBTBp78GwzxnwkR to B2mmvp7qGSHRESk4QD84Ay7m49BggNBz6e8TTRPjKKgk | sig=VTTnZ39aBMRXMse6jvAaAfHMs7ruh6KKV7VRWZ2uwungQ9u9DhSd2HW2reAk8VmpVZMK3VAKaeoraBzaJYiGKZq
2025-08-27T05:03:35.000Z | Received | 1e-9 SOL | from FLipG5QHjZe1H12f6rr5LCnrmqjhwuBTBp78GwzxnwkR to B2mmvp7qGSHRESk4QD84Ay7m49BggNBz6e8TTRPjKKgk | sig=5enE77VUkMmye2s7dJDarxBoXcTuiv4wdpnPkqbMYnqAevhUG8HtQBrium9h6K1xL9HrND1Ppq3mqx7By2AEh8AL
2025-08-27T05:03:35.000Z | Received | 1e-9 SOL | from FLipgewPwNeqvwPFW3CvMTLpHTvuX7BQoXC6xhrWiCR3 to B2mmvp7qGSHRESk4QD84Ay7m49BggNBz6e8TTRPjKKgk | sig=oNRkgUcdcsP2a5xmLY5AVhwckYxtHYptdrtoftLFWUsyP5QUjoZQSQXYA2JTR2FdvQdgqsbiX6VnQFLUSfB3VS6
2025-08-27T05:04:07.000Z | Received | 0.00001 SOL | from 34dynFV9HjsVnqe5WMhniNacffkHZqGviWcNn3EsnXH5 to B2mmvp7qGSHRESk4QD84Ay7m49BggNBz6e8TTRPjKKgk | sig=3MnM8YTeoHrXCwApRByouVa5Lnm5tADZzSkfKqxmZUMt6AEs9FJtxRUBts8iUhUVUarMdnWGLjUasWWELSTnN19T
2025-08-27T20:40:40.000Z | Received | 1e-9 SOL | from FLipgewPwNeqvwPFW3CvMTLpHTvuX7BQoXC6xhrWiCR3 to B2mmvp7qGSHRESk4QD84Ay7m49BggNBz6e8TTRPjKKgk | sig=5cKf9bq9C5htiM1NyLCZN1FphFVnqAkHvhKMpv75mYdMFZKc6qKasaP5ysWti3MbddQDgfMFCnCBuSewJjzE5tHo
2025-08-27T20:40:40.000Z | Received | 1e-9 SOL | from FLipG5QHjZe1H12f6rr5LCnrmqjhwuBTBp78GwzxnwkR to B2mmvp7qGSHRESk4QD84Ay7m49BggNBz6e8TTRPjKKgk | sig=5DZmYpHm1QW3EEV4rXBrMJFFGxk2hWuvrXw1qirXaTnv6VbkAKDLMDRVweSwY7fVRDFPeWyBQmWxmQoRgtafnhTv
2025-08-27T20:40:40.000Z | Received | 1e-9 SOL | from FLipG5QHjZe1H12f6rr5LCnrmqjhwuBTBp78GwzxnwkR to B2mmvp7qGSHRESk4QD84Ay7m49BggNBz6e8TTRPjKKgk | sig=2vWwqTEgjqCEhbYKRpRpFnUGNgB7MXd7gjwPBCayTNj2rz1VGBG8KzyMMQERuFWWSRjEJ5PcibcYm7z2fyNJ6yFC
2025-08-28T09:03:46.000Z | Received | 0.00001 SOL | from AKKEAX3uEnuNqdv2Eo4bvMmD8bGmUQLe1rHsFykDPtbt to B2mmvp7qGSHRESk4QD84Ay7m49BggNBz6e8TTRPjKKgk | sig=2k29xpKuRKS48zHcVPXDNPzdh8BrcQpaxu6gWhN7kVmwSF6EWwrVHP6aHatcNBqWhLbeRQKdBDZsrmunVeeLr7Xm
2025-08-28T09:03:48.000Z | Received | 1e-9 SOL | from FLipgewPwNeqvwPFW3CvMTLpHTvuX7BQoXC6xhrWiCR3 to B2mmvp7qGSHRESk4QD84Ay7m49BggNBz6e8TTRPjKKgk | sig=4wPEUvA4rAAxrifsXvfNqz9RiXyyb95Gyd2Y6U3FrMHA9QPofeQhFWk4aKmTorM2H58JAE2r9oq6p6gubsoGSUEy
2025-08-28T09:03:48.000Z | Received | 1e-9 SOL | from FLipG5QHjZe1H12f6rr5LCnrmqjhwuBTBp78GwzxnwkR to B2mmvp7qGSHRESk4QD84Ay7m49BggNBz6e8TTRPjKKgk | sig=5riCXc6c1tdnkmqEtWoxU4JcWdDQMmGgn1vevaQjc8HeLKxt4dFQj4oo2LMQsQ3P1RNrUidimv4xsQLHzGYh5xRN
2025-08-28T14:42:20.000Z | Received | 1e-9 SOL | from FLipG5QHjZe1H12f6rr5LCnrmqjhwuBTBp78GwzxnwkR to B2mmvp7qGSHRESk4QD84Ay7m49BggNBz6e8TTRPjKKgk | sig=iX4fbhtmQMU4Mg8xkdm94Fw5zhQBY9Yg74ZfVRpqqjXWFEEcpegLkYuVo9s5hsV1LPNE5ZAbdGf4Swi54R2rHnX
2025-08-28T14:42:24.000Z | Received | 1e-9 SOL | from FLipgewPwNeqvwPFW3CvMTLpHTvuX7BQoXC6xhrWiCR3 to B2mmvp7qGSHRESk4QD84Ay7m49BggNBz6e8TTRPjKKgk | sig=5WBbTrFRjXggHudV2FNpNAHt3PJbjft3NxMYDUE1hRqMq7hMPzaXdMNECeBDA6LHUNoSUNS4afsMXSRAFEJHxggx
2025-08-28T14:42:24.000Z | Received | 1e-9 SOL | from FLipG5QHjZe1H12f6rr5LCnrmqjhwuBTBp78GwzxnwkR to B2mmvp7qGSHRESk4QD84Ay7m49BggNBz6e8TTRPjKKgk | sig=57tL6SvVbiAweH8qrvi9ErQXejqnnYaJjQaZiW85JZfNy1dvW1gdYqcRwh8pdhSu7LMaNtN5HLiPkZfCGnLBuxNk
2025-08-28T14:43:28.000Z | Received | 0.0001006 SOL | from 8YpKJYmfew3KH46reUhH2vpcJivdWPPJwTnt18YqnPx8 to B2mmvp7qGSHRESk4QD84Ay7m49BggNBz6e8TTRPjKKgk | sig=5eSYyoj3hLcPnRCaBmKsvxW81Sm5seKWwDk92C3kzbeSJXbCGoJE8RGfEh1o7mFAghoj78MdUa1ddhYCzsfGk1xg
2025-08-28T19:28:47.000Z | Received | 1e-9 SOL | from FLipG5QHjZe1H12f6rr5LCnrmqjhwuBTBp78GwzxnwkR to B2mmvp7qGSHRESk4QD84Ay7m49BggNBz6e8TTRPjKKgk | sig=3SuVbPuKr1EM4poZXqMnWt8V5ThngdfyYfYz8rxLRFAwZn3GHMS9rAztPPMy4GLzGdS3x1ysUURkAJAgeeKtCGzW
2025-08-28T19:28:47.000Z | Received | 1e-9 SOL | from FLipgewPwNeqvwPFW3CvMTLpHTvuX7BQoXC6xhrWiCR3 to B2mmvp7qGSHRESk4QD84Ay7m49BggNBz6e8TTRPjKKgk | sig=5MKaH2HkReZhZ79W8NeTKGvyYnHBYRXnPXJm1LAR4XZazHJneqmmtGu7L8vKVpaj7hTMbq5GWaHjh9npP4xWTiAs
2025-08-28T19:28:47.000Z | Received | 1e-9 SOL | from FLipgewPwNeqvwPFW3CvMTLpHTvuX7BQoXC6xhrWiCR3 to B2mmvp7qGSHRESk4QD84Ay7m49BggNBz6e8TTRPjKKgk | sig=4fT6t6WqPJpgY1ZE8UN3T3h6UkncQcBcXbK3BjpSgvUKyV2xp2BYswn9fxe5QMdYMHwnXvscKnENt2auEN8b5fpf
2025-08-28T19:28:47.000Z | Received | 1e-9 SOL | from FLipG5QHjZe1H12f6rr5LCnrmqjhwuBTBp78GwzxnwkR to B2mmvp7qGSHRESk4QD84Ay7m49BggNBz6e8TTRPjKKgk | sig=2QkTrvLXquhTw5GtZx4tCWwBuTc3GvhNKBrcCmjkZVuQnrqmAofKP2QYbDH5bj7aP76Ekgkn19Fj2VMX7SGwuaAu
2025-08-28T19:28:47.000Z | Received | 1e-9 SOL | from FLipgewPwNeqvwPFW3CvMTLpHTvuX7BQoXC6xhrWiCR3 to B2mmvp7qGSHRESk4QD84Ay7m49BggNBz6e8TTRPjKKgk | sig=2hetzLCXSiJY5aVnYJtfb8jATVWU85rSkmt2tFdUByXxV31kF4U4zuHo6ShVduYdcQb1sCqAKEBkmveHeJD761MS
2025-08-28T20:03:46.000Z | Received | 0.00001 SOL | from 34dynFV9HjsVnqe5WMhniNacffkHZqGviWcNn3EsnXH5 to B2mmvp7qGSHRESk4QD84Ay7m49BggNBz6e8TTRPjKKgk | sig=2XhiHNZVkcQuCkdwGYWD6A8aixun9yFoHrtgxkqxjZ7tUT2WARidwt1f7D2WLZtSoQEPiGkoiD6N94CZYNggaPvo
2025-08-28T20:46:34.000Z | Received | 1e-9 SOL | from FLipgewPwNeqvwPFW3CvMTLpHTvuX7BQoXC6xhrWiCR3 to B2mmvp7qGSHRESk4QD84Ay7m49BggNBz6e8TTRPjKKgk | sig=3YkhxKCMUDxJ1T2hSNi3QooHsNbXoWXFVfSaVNWjbjusTmd4mE9KjwjYu4QubrnaBN8HkfSieQDFoL1YsLPoMjRw
2025-08-28T20:46:34.000Z | Received | 1e-9 SOL | from FLipG5QHjZe1H12f6rr5LCnrmqjhwuBTBp78GwzxnwkR to B2mmvp7qGSHRESk4QD84Ay7m49BggNBz6e8TTRPjKKgk | sig=64u3HFajwthjdprPKXQziPFy193KhEjzGeCh323Aov7e2nXLQBipRiLNack9yp3muRNrLLRc9SkXSVbG6Zx2Qvv8
2025-08-28T20:46:36.000Z | Received | 0.00001 SOL | from 34dynFV9HjsVnqe5WMhniNacffkHZqGviWcNn3EsnXH5 to B2mmvp7qGSHRESk4QD84Ay7m49BggNBz6e8TTRPjKKgk | sig=2fUq5yR9WH11BrVjS5CRd3qMvHPTMAPipippbM6YCW8JXB7AKPuCbhsSZq5kJH7Y7mBrsqHb3erce3SZAVdCYfmu
2025-08-28T21:45:19.000Z | Received | 1e-9 SOL | from FLipG5QHjZe1H12f6rr5LCnrmqjhwuBTBp78GwzxnwkR to B2mmvp7qGSHRESk4QD84Ay7m49BggNBz6e8TTRPjKKgk | sig=3U9RJnPFsLHWp2aecVDyiDTynAmxEBE1Sdr4xxbW5ARMrMzpXQj6QGLqmMapuhJRMoPWm6J6QZ8raVKDraudBdkm
2025-08-28T21:45:19.000Z | Received | 1e-9 SOL | from FLipgewPwNeqvwPFW3CvMTLpHTvuX7BQoXC6xhrWiCR3 to B2mmvp7qGSHRESk4QD84Ay7m49BggNBz6e8TTRPjKKgk | sig=5SFuNWAcszmL5qgzsTLcXX1uS4aG2AKgrKbEZFBufqGDueRLhwN74dgzr1o9Z9bT8ikbgyQS6Q4AAcUPkxdgvsGd
2025-08-28T21:45:28.000Z | Received | 0.00001 SOL | from 34dynFV9HjsVnqe5WMhniNacffkHZqGviWcNn3EsnXH5 to B2mmvp7qGSHRESk4QD84Ay7m49BggNBz6e8TTRPjKKgk | sig=4JQWx6rKkZjm3KqdYrEkTRr977yxc5215sFqo46Dmr7ouoDdgbBucbS3HNfK92LfXxeFzb3TTL4MVdjVKVXDqAbC
2025-08-28T22:18:11.000Z | Received | 0.00001 SOL | from 34dynFV9HjsVnqe5WMhniNacffkHZqGviWcNn3EsnXH5 to B2mmvp7qGSHRESk4QD84Ay7m49BggNBz6e8TTRPjKKgk | sig=NKQqkHo6i6vzXWXvVNs1HDbnr4B6XFmQeR8uA25rXGzSgrPxe882NSTk5jhsxnf1kHQSSRXbqjgd8HLCne6zKQs
2025-08-28T23:07:49.000Z | Received | 1e-9 SOL | from FLipG5QHjZe1H12f6rr5LCnrmqjhwuBTBp78GwzxnwkR to B2mmvp7qGSHRESk4QD84Ay7m49BggNBz6e8TTRPjKKgk | sig=StCWF4rBb5TYHgkCXDDTsPctPngDGo95yHWexxiMKFdAgidZP4Cy6BJ1uK7mkMpbW6bNxVHP3kP2zzUpY5w9Nta
2025-08-28T23:07:49.000Z | Received | 1e-9 SOL | from FLipgewPwNeqvwPFW3CvMTLpHTvuX7BQoXC6xhrWiCR3 to B2mmvp7qGSHRESk4QD84Ay7m49BggNBz6e8TTRPjKKgk | sig=5ZfiBXFS2FK4oe2dbpKLmbNUzyVHVUQLhwNMhySSuuMrmeRQTiwEArhWDymfyaA6B6KWq1STNmCH2LNmpqYcELFV
2025-08-28T23:07:49.000Z | Received | 1e-9 SOL | from FLipgewPwNeqvwPFW3CvMTLpHTvuX7BQoXC6xhrWiCR3 to B2mmvp7qGSHRESk4QD84Ay7m49BggNBz6e8TTRPjKKgk | sig=2dcSdkp14cu4zF4ibjcVXp61bgqDR3ktGSVr5cgy4QeWrbmMJAxuoaNJs9mfK5C2AEL8ScVZw5L4robN3RfxmJen
2025-08-28T23:07:49.000Z | Received | 1e-9 SOL | from FLipG5QHjZe1H12f6rr5LCnrmqjhwuBTBp78GwzxnwkR to B2mmvp7qGSHRESk4QD84Ay7m49BggNBz6e8TTRPjKKgk | sig=3KVJ8q4NRSuCk7eQ99L7wYNDY37pNsv3zsvNV1RbWcNKDBxeVSMcebJnfy37s55oF64xUSJL23ZFFDYC7DSu3tay
